#
# A fatal error has been detected by the Java Runtime Environment:
#
#  EXCEPTION_ACCESS_VIOLATION (0xc0000005) at pc=0x00000000038fdf24, pid=8064, tid=0x0000000000002728
#
# JRE version: Java(TM) SE Runtime Environment (8.0_211-b12) (build 1.8.0_211-b12)
# Java VM: Java HotSpot(TM) 64-Bit Server VM (25.211-b12 mixed mode windows-amd64 compressed oops)
# Problematic frame:
# J 1370 C2 java.util.regex.Pattern$Curly.match0(Ljava/util/regex/Matcher;IILjava/lang/CharSequence;)Z (174 bytes) @ 0x00000000038fdf24 [0x00000000038fdc00+0x324]
#
# Failed to write core dump. Minidumps are not enabled by default on client versions of Windows
#
# If you would like to submit a bug report, please visit:
#   http://bugreport.java.com/bugreport/crash.jsp
#

---------------  T H R E A D  ---------------

Current thread (0x0000000003314000):  JavaThread "main" [_thread_in_Java, id=10024, stack(0x0000000003210000,0x0000000003310000)]

siginfo: ExceptionCode=0xc0000005, reading address 0xffffffffffffffff

Registers:
RAX=0x000000000000001e, RBX=0x00000000d7b5a3a8, RCX=0x00000000d7b4b638, RDX=0x0000000000000000
RSP=0x000000000330e2b0, RBP=0x0000000000000001, RSI=0x0000000000000000, RDI=0x00000000d7b4b6e8
R8 =0x0000000000000001, R9 =0x000000000000001e, R10=0x000000000000001e, R11=0x000000000000001e
R12=0x0000000000000000, R13=0x00000000d7b5a308, R14=0x000000000000001e, R15=0x0000000003314000
RIP=0x00000000038fdf24, EFLAGS=0x0000000000010246

Top of Stack: (sp=0x000000000330e2b0)
0x000000000330e2b0:   000000000000000d 0000000000000000
0x000000000330e2c0:   00000000d7b59998 0000000000000000
0x000000000330e2d0:   00000000d7b596c8 000000000000000d
0x000000000330e2e0:   00000000d7b59a80 0000000900000102
0x000000000330e2f0:   000000000330e5a0 00000000038bdef4
0x000000000330e300:   000000000330e420 000000001cb6f830
0x000000000330e310:   00000000d60a3a58 00000000038c9db4
0x000000000330e320:   0000517f3679628b 00000000d7b42580
0x000000000330e330:   00000000d7b5a348 00000000038ebca0
0x000000000330e340:   000000000330e558 0000000000000000
0x000000000330e350:   000000000330e5a0 00000000d7b4a1c0
0x000000000330e360:   0000000000000014 00000000d7b5a358
0x000000000330e370:   00000000d7b59a18 0000000000000000
0x000000000330e380:   00000000d7b5a308 00000000d7b5a3a8
0x000000000330e390:   0000000000000001 000000000330e3e0
0x000000000330e3a0:   0000000001040102 00000000d7b4aed8 

Instructions: (pc=0x00000000038fdf24)
0x00000000038fdf04:   3b c1 0f 8e fb 04 00 00 44 8b 5c 24 38 44 2b 5c
0x00000000038fdf14:   24 24 c5 f9 7e ea 44 8b 04 24 8b 6c 24 24 eb 42
0x00000000038fdf24:   41 c6 45 2c 01 c5 f9 7e c9 3b c1 0f 8c d6 04 00
0x00000000038fdf34:   00 8b 4f 08 81 f9 0d a7 02 20 0f 85 45 0e 00 00 


Register to memory mapping:

RAX=0x000000000000001e is an unknown value
RBX=0x00000000d7b5a3a8 is an oop
[I 
 - klass: {type array int}
 - length: 0
RCX=0x00000000d7b4b638 is an oop
java.util.regex.Pattern$Dot 
 - klass: 'java/util/regex/Pattern$Dot'
RDX=0x0000000000000000 is an unknown value
RSP=0x000000000330e2b0 is pointing into the stack for thread: 0x0000000003314000
RBP=0x0000000000000001 is an unknown value
RSI=0x0000000000000000 is an unknown value
RDI=0x00000000d7b4b6e8 is an oop
java.util.regex.Pattern$Slice 
 - klass: 'java/util/regex/Pattern$Slice'
R8 =0x0000000000000001 is an unknown value
R9 =0x000000000000001e is an unknown value
R10=0x000000000000001e is an unknown value
R11=0x000000000000001e is an unknown value
R12=0x0000000000000000 is an unknown value
R13=0x00000000d7b5a308 is an oop
java.util.regex.Matcher 
 - klass: 'java/util/regex/Matcher'
R14=0x000000000000001e is an unknown value
R15=0x0000000003314000 is a thread


Stack: [0x0000000003210000,0x0000000003310000],  sp=0x000000000330e2b0,  free space=1016k
Native frames: (J=compiled Java code, j=interpreted, Vv=VM code, C=native code)
C  0x00000000038fdf24


---------------  P R O C E S S  ---------------

Java Threads: ( => current thread )
  0x000000001a3ff800 JavaThread "Image Fetcher 1" daemon [_thread_blocked, id=5644, stack(0x000000001c010000,0x000000001c110000)]
  0x000000001a3fe800 JavaThread "Image Fetcher 0" daemon [_thread_blocked, id=9372, stack(0x000000001be80000,0x000000001bf80000)]
  0x000000001a2d0000 JavaThread "AWT-EventQueue-0" [_thread_blocked, id=2212, stack(0x000000001bd80000,0x000000001be80000)]
  0x000000001a241000 JavaThread "Image Fetcher 3" daemon [_thread_blocked, id=6324, stack(0x000000001ba80000,0x000000001bb80000)]
  0x000000001a225800 JavaThread "AWT-Windows" daemon [_thread_in_native, id=4204, stack(0x000000001aaf0000,0x000000001abf0000)]
  0x000000001a223000 JavaThread "AWT-Shutdown" [_thread_blocked, id=528, stack(0x000000001a9f0000,0x000000001aaf0000)]
  0x000000001a222000 JavaThread "Java2D Disposer" daemon [_thread_blocked, id=13784, stack(0x000000001a8f0000,0x000000001a9f0000)]
  0x0000000019930800 JavaThread "Service Thread" daemon [_thread_blocked, id=9064, stack(0x0000000019ce0000,0x0000000019de0000)]
  0x0000000017fa1800 JavaThread "C1 CompilerThread2" daemon [_thread_blocked, id=14280, stack(0x00000000197e0000,0x00000000198e0000)]
  0x0000000017f94800 JavaThread "C2 CompilerThread1" daemon [_thread_blocked, id=4044, stack(0x00000000196e0000,0x00000000197e0000)]
  0x0000000017f85800 JavaThread "C2 CompilerThread0" daemon [_thread_blocked, id=13164, stack(0x00000000195e0000,0x00000000196e0000)]
  0x0000000017f83800 JavaThread "Attach Listener" daemon [_thread_blocked, id=10176, stack(0x00000000194e0000,0x00000000195e0000)]
  0x0000000017f82000 JavaThread "Signal Dispatcher" daemon [_thread_blocked, id=11716, stack(0x00000000193e0000,0x00000000194e0000)]
  0x000000000340d800 JavaThread "Finalizer" daemon [_thread_blocked, id=7388, stack(0x00000000191e0000,0x00000000192e0000)]
  0x0000000003405000 JavaThread "Reference Handler" daemon [_thread_blocked, id=868, stack(0x00000000190e0000,0x00000000191e0000)]
=>0x0000000003314000 JavaThread "main" [_thread_in_Java, id=10024, stack(0x0000000003210000,0x0000000003310000)]

Other Threads:
  0x0000000017f47800 VMThread [stack: 0x0000000018fe0000,0x00000000190e0000] [id=7800]
  0x0000000017fde000 WatcherThread [stack: 0x0000000019de0000,0x0000000019ee0000] [id=14928]

VM state:not at safepoint (normal execution)

VM Mutex/Monitor currently owned by a thread: None

heap address: 0x0000000081400000, size: 2028 MB, Compressed Oops mode: 32-bit
Narrow klass base: 0x0000000000000000, Narrow klass shift: 3
Compressed class space size: 1073741824 Address: 0x0000000100000000

Heap:
 PSYoungGen      total 38400K, used 35899K [0x00000000d5c00000, 0x00000000d8680000, 0x0000000100000000)
  eden space 33280K, 96% used [0x00000000d5c00000,0x00000000d7b709e0,0x00000000d7c80000)
  from space 5120K, 72% used [0x00000000d7c80000,0x00000000d801e320,0x00000000d8180000)
  to   space 5120K, 0% used [0x00000000d8180000,0x00000000d8180000,0x00000000d8680000)
 ParOldGen       total 87552K, used 9016K [0x0000000081400000, 0x0000000086980000, 0x00000000d5c00000)
  object space 87552K, 10% used [0x0000000081400000,0x0000000081cce010,0x0000000086980000)
 Metaspace       used 18230K, capacity 18460K, committed 18560K, reserved 1064960K
  class space    used 2285K, capacity 2392K, committed 2432K, reserved 1048576K

Card table byte_map: [0x00000000127d0000,0x0000000012bd0000] byte_map_base: 0x00000000123c6000

Marking Bits: (ParMarkBitMap*) 0x0000000067f75ce0
 Begin Bits: [0x0000000013280000, 0x0000000015230000)
 End Bits:   [0x0000000015230000, 0x00000000171e0000)

Polling page: 0x0000000001060000

CodeCache: size=245760Kb used=5085Kb max_used=5097Kb free=240674Kb
 bounds [0x0000000003410000, 0x0000000003910000, 0x0000000012410000]
 total_blobs=1924 nmethods=1417 adapters=419
 compilation: enabled

Compilation events (10 events):
Event: 3.320 Thread 0x0000000017f94800 1413       4       org.springframework.util.ObjectUtils::nullSafeEquals (337 bytes)
Event: 3.321 Thread 0x0000000017fa1800 nmethod 1412 0x0000000003907910 code [0x0000000003907bc0, 0x0000000003908d78]
Event: 3.321 Thread 0x0000000017fa1800 1414       3       org.apache.commons.logging.LogFactory::getLog (8 bytes)
Event: 3.321 Thread 0x0000000017fa1800 nmethod 1414 0x0000000003909410 code [0x0000000003909580, 0x00000000039097e8]
Event: 3.321 Thread 0x0000000017fa1800 1415       3       org.apache.commons.logging.LogFactory::getFactory (4 bytes)
Event: 3.321 Thread 0x0000000017fa1800 nmethod 1415 0x00000000039098d0 code [0x0000000003909a20, 0x0000000003909b50]
Event: 3.322 Thread 0x0000000017fa1800 1416       3       org.apache.commons.logging.impl.SLF4JLogFactory::getInstance (9 bytes)
Event: 3.322 Thread 0x0000000017fa1800 nmethod 1416 0x0000000003909bd0 code [0x0000000003909d60, 0x000000000390a078]
Event: 3.322 Thread 0x0000000017fa1800 1417       3       org.apache.commons.logging.impl.SLF4JLogFactory::getInstance (88 bytes)
Event: 3.323 Thread 0x0000000017fa1800 nmethod 1417 0x000000000390a190 code [0x000000000390a3a0, 0x000000000390afb8]

GC Heap History (2 events):
Event: 1.752 GC heap before
{Heap before GC invocations=1 (full 0):
 PSYoungGen      total 38400K, used 33280K [0x00000000d5c00000, 0x00000000d8680000, 0x0000000100000000)
  eden space 33280K, 100% used [0x00000000d5c00000,0x00000000d7c80000,0x00000000d7c80000)
  from space 5120K, 0% used [0x00000000d8180000,0x00000000d8180000,0x00000000d8680000)
  to   space 5120K, 0% used [0x00000000d7c80000,0x00000000d7c80000,0x00000000d8180000)
 ParOldGen       total 87552K, used 0K [0x0000000081400000, 0x0000000086980000, 0x00000000d5c00000)
  object space 87552K, 0% used [0x0000000081400000,0x0000000081400000,0x0000000086980000)
 Metaspace       used 11957K, capacity 12238K, committed 12416K, reserved 1060864K
  class space    used 1538K, capacity 1620K, committed 1664K, reserved 1048576K
Event: 1.768 GC heap after
Heap after GC invocations=1 (full 0):
 PSYoungGen      total 38400K, used 3704K [0x00000000d5c00000, 0x00000000d8680000, 0x0000000100000000)
  eden space 33280K, 0% used [0x00000000d5c00000,0x00000000d5c00000,0x00000000d7c80000)
  from space 5120K, 72% used [0x00000000d7c80000,0x00000000d801e320,0x00000000d8180000)
  to   space 5120K, 0% used [0x00000000d8180000,0x00000000d8180000,0x00000000d8680000)
 ParOldGen       total 87552K, used 9016K [0x0000000081400000, 0x0000000086980000, 0x00000000d5c00000)
  object space 87552K, 10% used [0x0000000081400000,0x0000000081cce010,0x0000000086980000)
 Metaspace       used 11957K, capacity 12238K, committed 12416K, reserved 1060864K
  class space    used 1538K, capacity 1620K, committed 1664K, reserved 1048576K
}

Deoptimization events (10 events):
Event: 1.945 Thread 0x0000000003314000 Uncommon trap: reason=unstable_if action=reinterpret pc=0x0000000003640e3c method=java.lang.String.indexOf([CII[CIII)I @ 3
Event: 2.198 Thread 0x0000000003314000 Uncommon trap: reason=unstable_if action=reinterpret pc=0x00000000036889c0 method=java.util.HashMap.getNode(ILjava/lang/Object;)Ljava/util/HashMap$Node; @ 62
Event: 2.199 Thread 0x0000000003314000 Uncommon trap: reason=unstable_if action=reinterpret pc=0x000000000364d68c method=java.util.HashMap.getNode(ILjava/lang/Object;)Ljava/util/HashMap$Node; @ 62
Event: 2.714 Thread 0x0000000003314000 Uncommon trap: reason=unstable_if action=reinterpret pc=0x0000000003759ed0 method=java.io.WinNTFileSystem.normalize(Ljava/lang/String;)Ljava/lang/String; @ 128
Event: 2.954 Thread 0x0000000003314000 Uncommon trap: reason=class_check action=maybe_recompile pc=0x00000000037fd578 method=java.util.HashMap.putVal(ILjava/lang/Object;Ljava/lang/Object;ZZ)Ljava/lang/Object; @ 253
Event: 2.957 Thread 0x0000000003314000 Uncommon trap: reason=class_check action=maybe_recompile pc=0x00000000037fd578 method=java.util.HashMap.putVal(ILjava/lang/Object;Ljava/lang/Object;ZZ)Ljava/lang/Object; @ 253
Event: 2.959 Thread 0x0000000003314000 Uncommon trap: reason=class_check action=maybe_recompile pc=0x00000000037fd578 method=java.util.HashMap.putVal(ILjava/lang/Object;Ljava/lang/Object;ZZ)Ljava/lang/Object; @ 253
Event: 2.959 Thread 0x0000000003314000 Uncommon trap: reason=class_check action=maybe_recompile pc=0x00000000037fd578 method=java.util.HashMap.putVal(ILjava/lang/Object;Ljava/lang/Object;ZZ)Ljava/lang/Object; @ 253
Event: 2.962 Thread 0x0000000003314000 Uncommon trap: reason=class_check action=maybe_recompile pc=0x000000000374b23c method=java.util.HashMap.putVal(ILjava/lang/Object;Ljava/lang/Object;ZZ)Ljava/lang/Object; @ 253
Event: 3.022 Thread 0x0000000003314000 Uncommon trap: reason=unstable_if action=reinterpret pc=0x000000000389af64 method=java.util.regex.Matcher.match(II)Z @ 91

Classes redefined (0 events):
No events

Internal exceptions (10 events):
Event: 2.217 Thread 0x0000000003314000 Exception <a 'java/lang/ArrayIndexOutOfBoundsException'> (0x00000000d62a13f8) thrown at [C:\re\workspace\8-2-build-windows-amd64-cygwin\jdk8u211\12973\hotspot\src\share\vm\runtime\sharedRuntime.cpp, line 605]
Event: 2.219 Thread 0x0000000003314000 Exception <a 'java/lang/ArrayIndexOutOfBoundsException'> (0x00000000d62a8ec8) thrown at [C:\re\workspace\8-2-build-windows-amd64-cygwin\jdk8u211\12973\hotspot\src\share\vm\runtime\sharedRuntime.cpp, line 605]
Event: 2.221 Thread 0x0000000003314000 Exception <a 'java/lang/ArrayIndexOutOfBoundsException'> (0x00000000d62b1228) thrown at [C:\re\workspace\8-2-build-windows-amd64-cygwin\jdk8u211\12973\hotspot\src\share\vm\runtime\sharedRuntime.cpp, line 605]
Event: 2.224 Thread 0x0000000003314000 Exception <a 'java/lang/ArrayIndexOutOfBoundsException'> (0x00000000d62bb828) thrown at [C:\re\workspace\8-2-build-windows-amd64-cygwin\jdk8u211\12973\hotspot\src\share\vm\runtime\sharedRuntime.cpp, line 605]
Event: 2.226 Thread 0x0000000003314000 Exception <a 'java/lang/ArrayIndexOutOfBoundsException'> (0x00000000d62c8b60) thrown at [C:\re\workspace\8-2-build-windows-amd64-cygwin\jdk8u211\12973\hotspot\src\share\vm\runtime\sharedRuntime.cpp, line 605]
Event: 2.229 Thread 0x0000000003314000 Exception <a 'java/lang/ArrayIndexOutOfBoundsException'> (0x00000000d62d3670) thrown at [C:\re\workspace\8-2-build-windows-amd64-cygwin\jdk8u211\12973\hotspot\src\share\vm\runtime\sharedRuntime.cpp, line 605]
Event: 2.231 Thread 0x0000000003314000 Exception <a 'java/lang/ArrayIndexOutOfBoundsException'> (0x00000000d62db8a8) thrown at [C:\re\workspace\8-2-build-windows-amd64-cygwin\jdk8u211\12973\hotspot\src\share\vm\runtime\sharedRuntime.cpp, line 605]
Event: 2.233 Thread 0x0000000003314000 Exception <a 'java/lang/ArrayIndexOutOfBoundsException'> (0x00000000d62e3508) thrown at [C:\re\workspace\8-2-build-windows-amd64-cygwin\jdk8u211\12973\hotspot\src\share\vm\runtime\sharedRuntime.cpp, line 605]
Event: 2.256 Thread 0x0000000003314000 Exception <a 'java/lang/ArrayIndexOutOfBoundsException'> (0x00000000d635efd8) thrown at [C:\re\workspace\8-2-build-windows-amd64-cygwin\jdk8u211\12973\hotspot\src\share\vm\runtime\sharedRuntime.cpp, line 605]
Event: 2.259 Thread 0x0000000003314000 Exception <a 'java/lang/ArrayIndexOutOfBoundsException'> (0x00000000d6367498) thrown at [C:\re\workspace\8-2-build-windows-amd64-cygwin\jdk8u211\12973\hotspot\src\share\vm\runtime\sharedRuntime.cpp, line 605]

Events (10 events):
Event: 3.283 loading class com/dnsoft/inmobiliaria/daos/IGastoInmuebleInquilinoDAO
Event: 3.283 loading class com/dnsoft/inmobiliaria/daos/IGastoInmuebleInquilinoDAO done
Event: 3.293 loading class com/dnsoft/inmobiliaria/daos/ITipoDeCajaDAO
Event: 3.293 loading class com/dnsoft/inmobiliaria/daos/ITipoDeCajaDAO done
Event: 3.302 loading class com/dnsoft/inmobiliaria/daos/ICiudadesDAO
Event: 3.302 loading class com/dnsoft/inmobiliaria/daos/ICiudadesDAO done
Event: 3.310 loading class com/dnsoft/inmobiliaria/daos/IBancoDAO
Event: 3.310 loading class com/dnsoft/inmobiliaria/daos/IBancoDAO done
Event: 3.317 loading class com/dnsoft/inmobiliaria/daos/IRecibosDAO
Event: 3.317 loading class com/dnsoft/inmobiliaria/daos/IRecibosDAO done


Dynamic libraries:
0x00007ff73eb50000 - 0x00007ff73eb87000 	C:\Program Files\Java\jdk1.8.0_211\bin\java.exe
0x00007ff88dbe0000 - 0x00007ff88dd86000 	C:\WINDOWS\SYSTEM32\ntdll.dll
0x00007ff88d1d0000 - 0x00007ff88d30a000 	C:\WINDOWS\system32\KERNEL32.DLL
0x00007ff88b080000 - 0x00007ff88b18f000 	C:\WINDOWS\system32\KERNELBASE.dll
0x00007ff889b90000 - 0x00007ff889c18000 	C:\WINDOWS\system32\apphelp.dll
0x00007ff86d3c0000 - 0x00007ff86d40f000 	C:\WINDOWS\AppPatch\AppPatch64\AcGenral.DLL
0x00007ff88d570000 - 0x00007ff88d617000 	C:\WINDOWS\system32\msvcrt.dll
0x00007ff88ae10000 - 0x00007ff88ae3b000 	C:\WINDOWS\SYSTEM32\SspiCli.dll
0x00007ff88d620000 - 0x00007ff88d671000 	C:\WINDOWS\system32\SHLWAPI.dll
0x00007ff88d840000 - 0x00007ff88d9b1000 	C:\WINDOWS\system32\USER32.dll
0x00007ff88d9c0000 - 0x00007ff88db38000 	C:\WINDOWS\system32\ole32.dll
0x00007ff88bdc0000 - 0x00007ff88d1cf000 	C:\WINDOWS\system32\SHELL32.dll
0x00007ff88a5f0000 - 0x00007ff88a60e000 	C:\WINDOWS\SYSTEM32\USERENV.dll
0x00007ff88d460000 - 0x00007ff88d505000 	C:\WINDOWS\system32\ADVAPI32.dll
0x00007ff875af0000 - 0x00007ff875b0b000 	C:\WINDOWS\SYSTEM32\MPR.dll
0x00007ff88d680000 - 0x00007ff88d7b7000 	C:\WINDOWS\system32\RPCRT4.dll
0x00007ff88bad0000 - 0x00007ff88bb27000 	C:\WINDOWS\SYSTEM32\sechost.dll
0x00007ff88bb30000 - 0x00007ff88bd06000 	C:\WINDOWS\SYSTEM32\combase.dll
0x00007ff88d310000 - 0x00007ff88d454000 	C:\WINDOWS\system32\GDI32.dll
0x00007ff88af60000 - 0x00007ff88af74000 	C:\WINDOWS\SYSTEM32\profapi.dll
0x00007ff8895c0000 - 0x00007ff88965f000 	C:\WINDOWS\SYSTEM32\SHCORE.dll
0x00007ff88b620000 - 0x00007ff88b654000 	C:\WINDOWS\system32\IMM32.DLL
0x00007ff88b840000 - 0x00007ff88b979000 	C:\WINDOWS\system32\MSCTF.dll
0x00007ff8888d0000 - 0x00007ff888b2a000 	C:\WINDOWS\WinSxS\amd64_microsoft.windows.common-controls_6595b64144ccf1df_6.0.9600.17031_none_6242a4b3ecbb55a1\COMCTL32.dll
0x00007ff884880000 - 0x00007ff88492c000 	C:\WINDOWS\system32\tmumh\20019\AddOn\7.0.0.1160\TmUmEvt64.dll
0x00007ff88d7c0000 - 0x00007ff88d7c7000 	C:\WINDOWS\system32\PSAPI.DLL
0x000000006c980000 - 0x000000006ca9d000 	C:\WINDOWS\system32\tmumh\20019\TmMon\2.5.0.2081\tmmon64.dll
0x000000006c2f0000 - 0x000000006c3c2000 	C:\Program Files\Java\jdk1.8.0_211\jre\bin\msvcr100.dll
0x0000000067750000 - 0x0000000067ff5000 	C:\Program Files\Java\jdk1.8.0_211\jre\bin\server\jvm.dll
0x00007ff87a2b0000 - 0x00007ff87a2b9000 	C:\WINDOWS\SYSTEM32\WSOCK32.dll
0x00007ff887750000 - 0x00007ff88776f000 	C:\WINDOWS\SYSTEM32\WINMM.dll
0x00007ff881df0000 - 0x00007ff881dfa000 	C:\WINDOWS\SYSTEM32\VERSION.dll
0x00007ff88d7e0000 - 0x00007ff88d838000 	C:\WINDOWS\system32\WS2_32.dll
0x00007ff886260000 - 0x00007ff88628a000 	C:\WINDOWS\SYSTEM32\WINMMBASE.dll
0x00007ff88d7d0000 - 0x00007ff88d7d9000 	C:\WINDOWS\system32\NSI.dll
0x00007ff88b420000 - 0x00007ff88b46a000 	C:\WINDOWS\SYSTEM32\cfgmgr32.dll
0x00007ff889dd0000 - 0x00007ff889df6000 	C:\WINDOWS\SYSTEM32\DEVOBJ.dll
0x00007ff883620000 - 0x00007ff88362f000 	C:\Program Files\Java\jdk1.8.0_211\jre\bin\verify.dll
0x00007ff87b8a0000 - 0x00007ff87b8c9000 	C:\Program Files\Java\jdk1.8.0_211\jre\bin\java.dll
0x00007ff87b930000 - 0x00007ff87b946000 	C:\Program Files\Java\jdk1.8.0_211\jre\bin\zip.dll
0x00007ff86d5b0000 - 0x00007ff86d749000 	C:\Program Files\Java\jdk1.8.0_211\jre\bin\awt.dll
0x00007ff88ba00000 - 0x00007ff88bab7000 	C:\WINDOWS\system32\OLEAUT32.dll
0x00007ff8893f0000 - 0x00007ff889410000 	C:\WINDOWS\system32\DWMAPI.DLL
0x00007ff889c50000 - 0x00007ff889d71000 	C:\WINDOWS\system32\uxtheme.dll
0x00007ff877af0000 - 0x00007ff877c11000 	C:\WINDOWS\system32\opengl32.dll
0x00007ff885c60000 - 0x00007ff885c8c000 	C:\WINDOWS\SYSTEM32\GLU32.dll
0x00007ff876650000 - 0x00007ff876744000 	C:\WINDOWS\SYSTEM32\DDRAW.dll
0x00007ff8860a0000 - 0x00007ff8860a9000 	C:\WINDOWS\SYSTEM32\DCIMAN32.dll
0x00007ff87a3b0000 - 0x00007ff87a448000 	C:\Program Files\Common Files\microsoft shared\ink\tiptsf.dll
0x00007ff889f40000 - 0x00007ff889f4a000 	C:\WINDOWS\SYSTEM32\kernel.appcore.dll
0x00007ff88aea0000 - 0x00007ff88aeaa000 	C:\WINDOWS\SYSTEM32\CRYPTBASE.dll
0x00007ff88ae40000 - 0x00007ff88aea0000 	C:\WINDOWS\SYSTEM32\bcryptPrimitives.dll
0x00007ff871570000 - 0x00007ff8715a1000 	C:\Program Files\Java\jdk1.8.0_211\jre\bin\jpeg.dll
0x00007ff86d560000 - 0x00007ff86d5a9000 	C:\Program Files\Java\jdk1.8.0_211\jre\bin\fontmanager.dll
0x00007ff871330000 - 0x00007ff871370000 	C:\Program Files\Lenovo\Bluetooth Software\btmmhook.dll
0x00007ff87a480000 - 0x00007ff87a49a000 	C:\Program Files\Java\jdk1.8.0_211\jre\bin\net.dll
0x00007ff8832a0000 - 0x00007ff88340c000 	C:\WINDOWS\SYSTEM32\urlmon.dll
0x00007ff882ff0000 - 0x00007ff8832a0000 	C:\WINDOWS\SYSTEM32\iertutil.dll
0x00007ff882db0000 - 0x00007ff882feb000 	C:\WINDOWS\SYSTEM32\WININET.dll
0x00007ff88a890000 - 0x00007ff88a8e8000 	C:\WINDOWS\system32\mswsock.dll
0x00007ff8765e0000 - 0x00007ff8765f2000 	C:\Program Files\Java\jdk1.8.0_211\jre\bin\nio.dll
0x00007ff86d510000 - 0x00007ff86d552000 	C:\Program Files\Java\jdk1.8.0_211\jre\bin\t2k.dll
0x00007ff8821d0000 - 0x00007ff882358000 	C:\WINDOWS\SYSTEM32\dbghelp.dll

VM Arguments:
java_command: com.dnsoft.inmobiliaria.Main
java_class_path (initial): C:\Users\Diego\Documents\NetBeansProjects\Inmobiliaria\target\classes;C:\Users\Diego\.m2\repository\org\codehaus\groovy\groovy-all\2.4.4\groovy-all-2.4.4.jar;C:\Users\Diego\.m2\repository\mysql\mysql-connector-java\5.1.40\mysql-connector-java-5.1.40.jar;C:\Users\Diego\.m2\repository\org\springframework\data\spring-data-jpa\1.5.2.RELEASE\spring-data-jpa-1.5.2.RELEASE.jar;C:\Users\Diego\.m2\repository\org\springframework\data\spring-data-commons\1.7.2.RELEASE\spring-data-commons-1.7.2.RELEASE.jar;C:\Users\Diego\.m2\repository\org\springframework\spring-orm\4.0.3.RELEASE\spring-orm-4.0.3.RELEASE.jar;C:\Users\Diego\.m2\repository\org\springframework\spring-jdbc\4.0.3.RELEASE\spring-jdbc-4.0.3.RELEASE.jar;C:\Users\Diego\.m2\repository\org\springframework\spring-context\4.0.3.RELEASE\spring-context-4.0.3.RELEASE.jar;C:\Users\Diego\.m2\repository\org\springframework\spring-expression\4.0.3.RELEASE\spring-expression-4.0.3.RELEASE.jar;C:\Users\Diego\.m2\repository\org\springframework\spring-aop\4.0.3.RELEASE\spring-aop-4.0.3.RELEASE.jar;C:\Users\Diego\.m2\repository\aopalliance\aopalliance\1.0\aopalliance-1.0.jar;C:\Users\Diego\.m2\repository\org\springframework\spring-tx\4.0.3.RELEASE\spring-tx-4.0.3.RELEASE.jar;C:\Users\Diego\.m2\repository\org\springframework\spring-beans\4.0.3.RELEASE\spring-beans-4.0.3.RELEASE.jar;C:\Users\Diego\.m2\repository\org\springframework\spring-core\4.0.3.RELEASE\spring-core-4.0.3.RELEASE.jar;C:\Users\Diego\.m2\repository\org\aspectj\aspectjrt\1.7.4\aspectjrt-1.7.4.jar;C:\Users\Diego\.m2\repository\org\slf4j\jcl-over-slf4j\1.7.6\jcl-over-slf4j-1.7.6.jar;C:\Users\Diego\.m2\repository\org\hibernate\javax\persistence\hibernate-jpa-2.0-api\1.0.1.Final\hibernate-jpa-2.0-api-1.0.1.Final.jar;C:\Users\Diego\.m2\repository\org\hibernate\hibernate-core\4.1.4.Final\hibernate-core-4.1.4.Final.jar;C:\Users\Diego\.m2\repository\antlr\antlr\2.7.7\antlr-2.7.7.jar;C:\Users\Diego\.m2\repository\org\jboss\logging\jboss-logging\3.1.0.G
Launcher Type: SUN_STANDARD

Environment Variables:
JAVA_HOME=C:\Program Files\Java\jdk1.8.0_211
PATH=C:\Program Files (x86)\Common Files\Oracle\Java\javapath;C:\Program Files (x86)\Lenovo\FusionEngine;C:\Program Files\Broadcom\Broadcom 802.11 Network Adapter;;C:\Program Files (x86)\Intel\iCLS Client\;C:\Program Files\Intel\iCLS Client\;C:\WINDOWS\system32;C:\WINDOWS;C:\WINDOWS\System32\Wbem;C:\WINDOWS\System32\WindowsPowerShell\v1.0\;C:\Program Files\Intel\Intel(R) Management Engine Components\DAL;C:\Program Files (x86)\Intel\Intel(R) Management Engine Components\DAL;C:\Program Files\Intel\Intel(R) Management Engine Components\IPT;C:\Program Files (x86)\Intel\Intel(R) Management Engine Components\IPT;C:\Program Files\Lenovo\Bluetooth Software\;C:\Program Files\Lenovo\Bluetooth Software\syswow64;C:\Program Files (x86)\Lenovo\Motion Control\;C:\apache-ant-1.10.5\bin
USERNAME=Diego
OS=Windows_NT
PROCESSOR_IDENTIFIER=Intel64 Family 6 Model 61 Stepping 4, GenuineIntel



---------------  S Y S T E M  ---------------

OS: Windows 8.1 , 64 bit Build 9600 (6.3.9600.17056)

CPU:total 4 (initial active 4) (2 cores per cpu, 2 threads per core) family 6 model 61 stepping 4, cmov, cx8, fxsr, mmx, sse, sse2, sse3, ssse3, sse4.1, sse4.2, popcnt, avx, avx2, aes, clmul, erms, rtm, 3dnowpref, lzcnt, ht, tsc, tscinvbit, bmi1, bmi2, adx

Memory: 4k page, physical 8301648k(3287148k free), swap 17395144k(10043972k free)

vm_info: Java HotSpot(TM) 64-Bit Server VM (25.211-b12) for windows-amd64 JRE (1.8.0_211-b12), built on Apr  1 2019 20:53:26 by "java_re" with MS VC++ 10.0 (VS2010)

time: Fri Jul 12 14:29:43 2019
timezone: Hora estándar de Montevideo
elapsed time: 3 seconds (0d 0h 0m 3s)

